DEBUG - 2017-05-22 23:46:42,083 - {'000029': 0}
DEBUG - 2017-05-22 23:46:42,083 - {'000029': 0}
DEBUG - 2017-05-22 23:46:42,092 - {'000029': 0, '000001': 60246}
DEBUG - 2017-05-22 23:46:42,092 - {'000029': 0, '000001': 60246}
DEBUG - 2017-05-22 23:46:52,451 - {'000029': 0, '000001': 60246, '000032': 0}
DEBUG - 2017-05-22 23:46:52,451 - {'000029': 0, '000001': 60246, '000032': 0}
DEBUG - 2017-05-22 23:46:52,459 - {'000029': 1, '000001': 60246, '000032': 0}
DEBUG - 2017-05-22 23:46:52,459 - {'000029': 1, '000001': 60246, '000032': 0}
DEBUG - 2017-05-22 23:47:04,354 - {'000029': 1, '000001': 60246, '000032': 0, '000027': 23}
DEBUG - 2017-05-22 23:47:04,354 - {'000029': 1, '000001': 60246, '000032': 0, '000027': 23}
DEBUG - 2017-05-22 23:47:04,369 - {'000029': 1, '000001': 60246, '000032': 13, '000027': 23}
DEBUG - 2017-05-22 23:47:04,369 - {'000029': 1, '000001': 60246, '000032': 13, '000027': 23}
DEBUG - 2017-05-22 23:47:04,374 - {'000029': 1, '000001': 60246, '000032': 13, '000027': 23, '000028': 0}
DEBUG - 2017-05-22 23:47:04,374 - {'000029': 1, '000001': 60246, '000032': 13, '000027': 23, '000028': 0}
DEBUG - 2017-05-22 23:47:04,379 - {'000029': 1, '000001': 60246, '000032': 13, '000027': 23, '000028': 0, '000030': 0}
DEBUG - 2017-05-22 23:47:04,379 - {'000029': 1, '000001': 60246, '000032': 13, '000027': 23, '000028': 0, '000030': 0}
DEBUG - 2017-05-22 23:47:04,384 - {'000029': 1, '000001': 60246, '000032': 13, '000027': 23, '000028': 11, '000030': 0}
DEBUG - 2017-05-22 23:47:04,384 - {'000029': 1, '000001': 60246, '000032': 13, '000027': 23, '000028': 11, '000030': 0}
DEBUG - 2017-05-22 23:47:04,541 - {'000029': 1, '000001': 60246, '000032': 13, '000027': 23, '000028': 11, '000030': 0, '000026': 24}
DEBUG - 2017-05-22 23:47:04,541 - {'000029': 1, '000001': 60246, '000032': 13, '000027': 23, '000028': 11, '000030': 0, '000026': 24}
DEBUG - 2017-05-22 23:47:34,306 - {'000029': 1, '000001': 60246, '000032': 13, '000027': 23, '000028': 11, '000030': 0, '000026': 24, '000034': 341}
DEBUG - 2017-05-22 23:47:34,306 - {'000029': 1, '000001': 60246, '000032': 13, '000027': 23, '000028': 11, '000030': 0, '000026': 24, '000034': 341}
